99.10.10 16:15 B C:\Abrakadabra\Web Pages\original\canarias\vegasgolf\dole.htm <-- Savic.com /Documents/canarias/vegasgolf dole.htm
99.10.10 16:15 B C:\Abrakadabra\Web Pages\original\canarias\vegasgolf\exter.htm <-- Savic.com /Documents/canarias/vegasgolf exter.htm
99.10.10 16:15 B C:\Abrakadabra\Web Pages\original\canarias\vegasgolf\free.htm <-- Savic.com /Documents/canarias/vegasgolf free.htm
99.10.10 16:15 B C:\Abrakadabra\Web Pages\original\canarias\vegasgolf\freeoff.gif <-- Savic.com /Documents/canarias/vegasgolf freeoff.gif
99.10.10 16:16 B C:\Abrakadabra\Web Pages\original\canarias\vegasgolf\freeon.gif <-- Savic.com /Documents/canarias/vegasgolf freeon.gif
99.10.10 16:16 B C:\Abrakadabra\Web Pages\original\canarias\vegasgolf\gore.htm <-- Savic.com /Documents/canarias/vegasgolf gore.htm
99.10.10 16:16 B C:\Abrakadabra\Web Pages\original\canarias\vegasgolf\homeoff.gif <-- Savic.com /Documents/canarias/vegasgolf homeoff.gif
99.10.10 16:16 B C:\Abrakadabra\Web Pages\original\canarias\vegasgolf\homeon.gif <-- Savic.com /Documents/canarias/vegasgolf homeon.gif
99.10.10 16:16 B C:\Abrakadabra\Web Pages\original\canarias\vegasgolf\index.htm <-- Savic.com /Documents/canarias/vegasgolf index.htm
99.10.10 16:16 B C:\Abrakadabra\Web Pages\original\canarias\vegasgolf\inter.htm <-- Savic.com /Documents/canarias/vegasgolf inter.htm
99.10.10 16:16 B C:\Abrakadabra\Web Pages\original\canarias\vegasgolf\mailoff.gif <-- Savic.com /Documents/canarias/vegasgolf mailoff.gif
99.10.10 16:16 B C:\Abrakadabra\Web Pages\original\canarias\vegasgolf\mailon.gif <-- Savic.com /Documents/canarias/vegasgolf mailon.gif
99.10.10 16:16 B C:\Abrakadabra\Web Pages\original\canarias\vegasgolf\photoff.gif <-- Savic.com /Documents/canarias/vegasgolf photoff.gif
99.10.10 16:16 B C:\Abrakadabra\Web Pages\original\canarias\vegasgolf\photon.gif <-- Savic.com /Documents/canarias/vegasgolf photon.gif
99.10.10 16:16 B C:\Abrakadabra\Web Pages\original\canarias\vegasgolf\photos.htm <-- Savic.com /Documents/canarias/vegasgolf photos.htm
99.10.10 16:16 B C:\Abrakadabra\Web Pages\original\canarias\vegasgolf\pool.htm <-- Savic.com /Documents/canarias/vegasgolf pool.htm
99.10.10 16:16 B C:\Abrakadabra\Web Pages\original\canarias\vegasgolf\price.htm <-- Savic.com /Documents/canarias/vegasgolf price.htm
99.10.10 16:16 B C:\Abrakadabra\Web Pages\original\canarias\vegasgolf\priceoff.gif <-- Savic.com /Documents/canarias/vegasgolf priceoff.gif
99.10.10 16:16 B C:\Abrakadabra\Web Pages\original\canarias\vegasgolf\priceon.gif <-- Savic.com /Documents/canarias/vegasgolf priceon.gif
99.10.10 16:16 B C:\Abrakadabra\Web Pages\original\canarias\vegasgolf\sredina.htm <-- Savic.com /Documents/canarias/vegasgolf sredina.htm
